\BOOKMARK [0][-]{Doc-Start}{چکیده}{}% 1
\BOOKMARK [0][-]{chapter*.2}{سپاسگزاری}{}% 2
\BOOKMARK [0][-]{chapter.0}{پیش‌‌‌‌گفتار}{}% 3
\BOOKMARK [0][-]{chapter.1}{مفاهیم مقدماتی جبرجابجایی}{}% 4
\BOOKMARK [1][-]{section.1.1}{ایدال‌های ماکسیمال}{chapter.1}% 5
\BOOKMARK [1][-]{section.1.2}{حلقه‌های جیکوبسن}{chapter.1}% 6
\BOOKMARK [1][-]{section.1.3}{حلقه‌های مختصات}{chapter.1}% 7
\BOOKMARK [1][-]{section.1.4}{خاصیت‌های آرتین و نودر برای حلقه‌ها و مدول‌ها}{chapter.1}% 8
\BOOKMARK [1][-]{section.1.5}{حلقه‌ها و مدول‌های نوتری }{chapter.1}% 9
\BOOKMARK [0][-]{chapter.2}{معرفی بعد نوتری}{}% 10
\BOOKMARK [1][-]{section.2.1}{زیر مدول‌های اساسی}{chapter.2}% 11
\BOOKMARK [1][-]{section.2.2}{بعد گلدی}{chapter.2}% 12
\BOOKMARK [1][-]{section.2.3}{بعد کرول [کلاسیک]}{chapter.2}% 13
\BOOKMARK [1][-]{section.2.4}{بعد کرول [آرتینی]}{chapter.2}% 14
\BOOKMARK [1][-]{section.2.5}{بعد نوتری}{chapter.2}% 15
\BOOKMARK [1][-]{section.2.6}{مدول‌های اتمی}{chapter.2}% 16
\BOOKMARK [0][-]{chapter.3}{مفاهیم محاسباتی روی چندجمله‌ای‌ها}{}% 17
\BOOKMARK [1][-]{section.3.1}{حلقه‌ی چندجمله‌ای}{chapter.3}% 18
\BOOKMARK [2][-]{Item.86}{ پیاده‌سازی 1 . نمایش چندجمله‌ای‌ها تلاش نخست}{section.3.1}% 19
\BOOKMARK [2][-]{Item.95}{ پیاده‌سازی 2 . الگوریتم اقلیدسی تعمیم یافته}{section.3.1}% 20
\BOOKMARK [2][-]{Item.111}{ پیاده‌سازی 3 . میدان‌های متناهی}{section.3.1}% 21
\BOOKMARK [1][-]{section.3.2}{ایده‌آل‌های تک‌جمله‌ای}{chapter.3}% 22
\BOOKMARK [2][-]{Item.130}{ پیاده‌سازی 4 . عملیات پایه‌ای با ایدآل‌های تکجمله‌ای و مدول‌ها}{section.3.2}% 23
\BOOKMARK [1][-]{section.3.3}{ترتیب جمله‌ای}{chapter.3}% 24
\BOOKMARK [1][-]{section.3.4}{ جمله‌ی پیشرو}{chapter.3}% 25
\BOOKMARK [2][-]{قضیه.3.4.6}{ پیاده‌سازی 5 . چندجمله‌ای‌های متقارن}{section.3.4}% 26
\BOOKMARK [1][-]{section.3.5}{الگوریتم تقسیم}{chapter.3}% 27
\BOOKMARK [0][-]{chapter.4}{پایه‌ی گرویبنر}{}% 28
\BOOKMARK [1][-]{section.4.1}{قواعد بازنویسی}{chapter.4}% 29
\BOOKMARK [1][-]{section.4.2}{هم‌یوغی‌ها}{chapter.4}% 30
\BOOKMARK [1][-]{section.4.3}{پایه‌ی گرویبنر ایده‌آل‌ها و مدول‌ها}{chapter.4}% 31
\BOOKMARK [1][-]{section.4.4}{الگوریتم بوخبرگر}{chapter.4}% 32
\BOOKMARK [0][-]{chapter.5}{لم پایه‌ی متناهی}{}% 33
\BOOKMARK [1][-]{section.5.1}{مقدمات}{chapter.5}% 34
\BOOKMARK [1][-]{section.5.2}{واژگان موضوع}{chapter.5}% 35
\BOOKMARK [1][-]{section.5.3}{لم دیکسون}{chapter.5}% 36
\BOOKMARK [0][-]{chapter.6}{مولد‌ مدول‌های اتمی}{}% 37
\BOOKMARK [1][-]{section.6.1}{پیشینه}{chapter.6}% 38
\BOOKMARK [1][-]{section.6.2}{بعد نوتری و طول مدول‌ها}{chapter.6}% 39
\BOOKMARK [1][-]{section.6.3}{طول مدول‌های آرتینی با بعد نوتری شمارا}{chapter.6}% 40
\BOOKMARK [0][-]{appendix*.3}{مراجع}{}% 41
